[2026-04-14 12:24:58] =========================================
[2026-04-14 12:24:58] Starting router backup — 20260414-122458
[2026-04-14 12:24:58] Creating sysupgrade backup on router...
[2026-04-14 12:24:59] Downloading backup to /Users/born/Logs/router-backup/backup-20260414-122458.tar.gz ...
[2026-04-14 12:26:33] =========================================
[2026-04-14 12:26:33] Starting router backup — 20260414-122633
[2026-04-14 12:26:33] Creating sysupgrade backup on router...
[2026-04-14 12:26:33] Downloading backup to /Users/born/Logs/router-backup/backup-20260414-122633.tar.gz ...
[2026-04-14 12:26:33] Cleaning up temp file on router...
[2026-04-14 12:26:34] Backup verified OK — size:  48K
[2026-04-14 12:26:34] Rotating backups older than 30 days...
[2026-04-14 12:26:34] Backup complete. Total backups on disk: 1
[2026-04-14 12:26:34] =========================================
[2026-04-14 14:37:40] =========================================
[2026-04-14 14:37:40] Starting router backup — 20260414-143740
[2026-04-14 14:37:40] Creating sysupgrade backup on router...
[2026-04-14 14:37:41] Downloading backup to /Users/born/Logs/router-backup/backup-20260414-143740.tar.gz ...
[2026-04-14 14:37:41] Cleaning up temp file on router...
[2026-04-14 14:37:41] Backup verified OK — size:  48K
[2026-04-14 14:37:41] Rotating backups older than 30 days...
[2026-04-14 14:37:41] Backup complete. Total backups on disk: 2
[2026-04-14 14:37:41] =========================================
[2026-04-14 14:50:46] =========================================
[2026-04-14 14:50:46] Starting router backup — 20260414-145046
[2026-04-14 14:50:46] Creating sysupgrade backup on router...
[2026-04-14 14:50:46] Downloading backup to /Users/born/Logs/router-backup/backup-20260414-145046.tar.gz ...
[2026-04-14 14:50:46] Cleaning up temp file on router...
[2026-04-14 14:50:46] Backup verified OK — size:  48K
[2026-04-14 14:50:46] Rotating backups older than 30 days...
[2026-04-14 14:50:47] Backup complete. Total backups on disk: 3
[2026-04-14 14:50:47] =========================================
[2026-04-14 14:53:44] =========================================
[2026-04-14 14:53:44] Starting router backup — 20260414-145344
[2026-04-14 14:53:44] Creating sysupgrade backup on router...
[2026-04-14 14:53:45] Downloading backup to /Users/born/Logs/router-backup/backup-20260414-145344.tar.gz ...
[2026-04-14 14:53:45] Cleaning up temp file on router...
[2026-04-14 14:53:45] Backup verified OK — size:  48K
[2026-04-14 14:53:45] Rotating backups older than 30 days...
[2026-04-14 14:53:45] Backup complete. Total backups on disk: 4
[2026-04-14 14:53:45] =========================================
[2026-04-14 15:16:24] =========================================
[2026-04-14 15:16:24] Starting router backup — 20260414-151624
[2026-04-14 15:16:24] Creating sysupgrade backup on router...
[2026-04-14 15:16:24] Downloading backup to /Users/born/Logs/router-backup/backup-20260414-151624.tar.gz ...
[2026-04-14 15:16:25] Cleaning up temp file on router...
[2026-04-14 15:16:25] Backup verified OK — size:  48K
[2026-04-14 15:16:25] Rotating backups older than 30 days...
[2026-04-14 15:16:25] Backup complete. Total backups on disk: 2
[2026-04-14 15:16:25] =========================================
[2026-04-14 15:18:58] =========================================
[2026-04-14 15:18:58] Starting router backup — 20260414-151858
[2026-04-14 15:18:58] Creating sysupgrade backup on router...
[2026-04-14 15:18:58] Downloading backup to /Users/born/Logs/router-backup/backup-20260414-151858.tar.gz ...
[2026-04-14 15:18:58] Cleaning up temp file on router...
[2026-04-14 15:18:59] Backup verified OK — size:  48K
[2026-04-14 15:18:59] Rotating backups older than 30 days...
[2026-04-14 15:18:59] Backup complete. Total backups on disk: 3
[2026-04-14 15:18:59] =========================================
[2026-04-14 15:51:50] =========================================
[2026-04-14 15:51:50] Starting router backup — 20260414-155150
[2026-04-14 15:51:50] Creating sysupgrade backup on router...
[2026-04-14 15:51:50] Downloading backup to /Users/born/Logs/router-backup/backup-20260414-155150.tar.gz ...
[2026-04-14 15:51:50] Cleaning up temp file on router...
[2026-04-14 15:51:51] Backup verified OK — size:  48K
[2026-04-14 15:51:51] Rotating backups older than 30 days...
[2026-04-14 15:51:51] Backup complete. Total backups on disk: 4
[2026-04-14 15:51:51] =========================================
[2026-04-14 16:04:34] =========================================
[2026-04-14 16:04:34] Starting router backup — 20260414-160434
[2026-04-14 16:04:34] Creating sysupgrade backup on router...
[2026-04-14 16:04:34] Downloading backup to /Users/born/Logs/router-backup/backup-20260414-160434.tar.gz ...
[2026-04-14 16:04:34] Cleaning up temp file on router...
[2026-04-14 16:04:35] Backup verified OK — size:  48K
[2026-04-14 16:04:35] Rotating backups older than 30 days...
[2026-04-14 16:04:35] Backup complete. Total backups on disk: 5
[2026-04-14 16:04:35] =========================================
[2026-04-14 16:13:49] =========================================
[2026-04-14 16:13:50] Starting router backup — 20260414-161349
[2026-04-14 16:13:50] Creating sysupgrade backup on router...
[2026-04-14 16:13:50] Downloading backup to /Users/born/Logs/router-backup/backup-20260414-161349.tar.gz ...
[2026-04-14 16:13:50] Cleaning up temp file on router...
[2026-04-14 16:13:50] Backup verified OK — size:  48K
[2026-04-14 16:13:50] Rotating backups older than 30 days...
[2026-04-14 16:13:50] Backup complete. Total backups on disk: 2
[2026-04-14 16:13:50] =========================================
[2026-04-14 16:48:49] =========================================
[2026-04-14 16:48:49] Starting router backup — 20260414-164849
[2026-04-14 16:48:49] Creating sysupgrade backup on router...
[2026-04-14 16:48:50] Downloading backup to /Users/born/Logs/router-backup/backup-20260414-164849.tar.gz ...
[2026-04-14 16:48:50] Cleaning up temp file on router...
[2026-04-14 16:48:50] Backup verified OK — size:  48K
[2026-04-14 16:48:50] Rotating backups older than 30 days...
[2026-04-14 16:48:51] Backup complete. Total backups on disk: 3
[2026-04-14 16:48:51] =========================================
[2026-04-15 11:33:11] =========================================
[2026-04-15 11:33:11] Starting router backup — 20260415-113311
[2026-04-15 11:33:11] Creating sysupgrade backup on router...
[2026-04-15 11:33:12] Downloading backup to /Users/born/Logs/router-backup/backup-20260415-113311.tar.gz ...
[2026-04-15 11:33:12] Cleaning up temp file on router...
[2026-04-15 11:33:12] Backup verified OK — size:  48K
[2026-04-15 11:33:12] Rotating backups older than 30 days...
[2026-04-15 11:33:12] Backup complete. Total backups on disk: 4
[2026-04-15 11:33:12] =========================================
[2026-04-15 16:37:31] =========================================
[2026-04-15 16:37:31] Starting router backup — 20260415-163731
[2026-04-15 16:37:31] Creating sysupgrade backup on router...
[2026-04-15 16:37:32] Downloading backup to /Users/born/Logs/router-backup/backup-20260415-163731.tar.gz ...
[2026-04-15 16:37:32] Cleaning up temp file on router...
[2026-04-15 16:37:32] Backup verified OK — size:  48K
[2026-04-15 16:37:32] Rotating backups older than 30 days...
[2026-04-15 16:37:32] Backup complete. Total backups on disk: 2
[2026-04-15 16:37:32] =========================================
[2026-04-15 17:04:53] =========================================
[2026-04-15 17:04:53] Starting router backup — 20260415-170453
[2026-04-15 17:04:53] Creating sysupgrade backup on router...
[2026-04-15 17:04:54] Downloading backup to /Users/born/Logs/router-backup/backup-20260415-170453.tar.gz ...
[2026-04-15 17:04:54] Cleaning up temp file on router...
[2026-04-15 17:04:54] Backup verified OK — size:  48K
[2026-04-15 17:04:54] Rotating backups older than 30 days...
[2026-04-15 17:04:54] Backup complete. Total backups on disk: 3
[2026-04-15 17:04:54] =========================================
[2026-04-16 16:00:20] =========================================
[2026-04-16 16:00:20] Starting router backup — 20260416-160020
[2026-04-16 16:00:20] Creating sysupgrade backup on router...
[2026-04-16 16:00:21] Downloading backup to /Users/born/Logs/router-backup/backup-20260416-160020.tar.gz ...
[2026-04-16 16:00:21] Cleaning up temp file on router...
[2026-04-16 16:00:21] Backup verified OK — size:  48K
[2026-04-16 16:00:21] Rotating backups older than 30 days...
[2026-04-16 16:00:21] Backup complete. Total backups on disk: 3
[2026-04-16 16:00:21] =========================================
